[INFO] Scanning for projects...
[INFO] 
[INFO] --------------------------< com.example:demo >--------------------------
[INFO] Building Bootcamp Java Spring 0.0.1-SNAPSHOT
[INFO]   from pom.xml
[INFO] --------------------------------[ jar ]---------------------------------
[INFO] 
[INFO] --- resources:3.3.1:resources (default-resources) @ demo ---
[INFO] Copying 1 resource from src\main\resources to target\classes
[INFO] Copying 1 resource from src\main\resources to target\classes
[INFO] 
[INFO] --- compiler:3.13.0:compile (default-compile) @ demo ---
[INFO] Nothing to compile - all classes are up to date.
[INFO] 
[INFO] --- spotless:2.43.0:check (default) @ demo ---
[INFO] Spotless.Java is keeping 155 files clean - 0 needs changes to be clean, 0 were already clean, 155 were skipped because caching determined they were already clean
[INFO] 
[INFO] --- resources:3.3.1:testResources (default-testResources) @ demo ---
[INFO] Copying 1 resource from src\test\resources to target\test-classes
[INFO] 
[INFO] --- compiler:3.13.0:testCompile (default-testCompile) @ demo ---
[INFO] Recompiling the module because of changed source code.
[INFO] Compiling 13 source files with javac [debug parameters release 21] to target\test-classes
[INFO] Some messages have been simplified; recompile with -Xdiags:verbose to get full output
[INFO] -------------------------------------------------------------
[ERROR] COMPILATION ERROR : 
[INFO] -------------------------------------------------------------
[ERROR] /C:/Users/Andrew/Desktop/Bootcamp/Spring Java Bootcamp/Java Spring Bootcamp/src/test/java/com/example/demo/service/AuthServiceTest.java:[74,44] incompatible types: java.lang.String cannot be converted to org.springframework.security.core.userdetails.UserDetails
[ERROR] /C:/Users/Andrew/Desktop/Bootcamp/Spring Java Bootcamp/Java Spring Bootcamp/src/test/java/com/example/demo/service/AuthServiceTest.java:[104,35] incompatible types: java.lang.String cannot be converted to org.springframework.security.core.userdetails.UserDetails
[ERROR] /C:/Users/Andrew/Desktop/Bootcamp/Spring Java Bootcamp/Java Spring Bootcamp/src/test/java/com/example/demo/service/AuthServiceTest.java:[129,29] cannot find symbol
  symbol:   method findByToken(java.lang.String)
  location: variable refreshTokenService of type com.example.demo.service.RefreshTokenService
[ERROR] /C:/Users/Andrew/Desktop/Bootcamp/Spring Java Bootcamp/Java Spring Bootcamp/src/test/java/com/example/demo/service/AuthServiceTest.java:[130,56] cannot find symbol
  symbol:   class RefreshToken
  location: package com.example.demo.entity
[ERROR] /C:/Users/Andrew/Desktop/Bootcamp/Spring Java Bootcamp/Java Spring Bootcamp/src/test/java/com/example/demo/service/AuthServiceTest.java:[131,29] cannot find symbol
  symbol:   method verifyExpiration(java.lang.Object)
  location: variable refreshTokenService of type com.example.demo.service.RefreshTokenService
[ERROR] /C:/Users/Andrew/Desktop/Bootcamp/Spring Java Bootcamp/Java Spring Bootcamp/src/test/java/com/example/demo/service/AuthServiceTest.java:[132,44] cannot find symbol
  symbol:   class RefreshToken
  location: package com.example.demo.entity
[ERROR] /C:/Users/Andrew/Desktop/Bootcamp/Spring Java Bootcamp/Java Spring Bootcamp/src/test/java/com/example/demo/service/AuthServiceTest.java:[133,35] incompatible types: java.lang.String cannot be converted to org.springframework.security.core.userdetails.UserDetails
[ERROR] /C:/Users/Andrew/Desktop/Bootcamp/Spring Java Bootcamp/Java Spring Bootcamp/src/test/java/com/example/demo/service/AuthServiceTest.java:[146,34] method blacklistToken in class com.example.demo.service.TokenBlacklistService cannot be applied to given types;
  required: java.lang.String,long
  found:    java.lang.String
  reason: actual and formal argument lists differ in length
[ERROR] /C:/Users/Andrew/Desktop/Bootcamp/Spring Java Bootcamp/Java Spring Bootcamp/src/test/java/com/example/demo/service/AuthServiceTest.java:[163,30] cannot find symbol
  symbol:   method validatePasswordResetToken(java.lang.String)
  location: variable passwordResetService of type com.example.demo.service.PasswordResetService
[ERROR] /C:/Users/Andrew/Desktop/Bootcamp/Spring Java Bootcamp/Java Spring Bootcamp/src/test/java/com/example/demo/service/AuthServiceTest.java:[170,33] cannot find symbol
  symbol:   method deleteToken(java.lang.String)
  location: class com.example.demo.service.PasswordResetService
[ERROR] /C:/Users/Andrew/Desktop/Bootcamp/Spring Java Bootcamp/Java Spring Bootcamp/src/test/java/com/example/demo/service/RbacServiceTest.java:[56,28] cannot find symbol
  symbol:   method getRoleId()
  location: variable result of type com.example.demo.dto.RoleAccessDTO
[ERROR] /C:/Users/Andrew/Desktop/Bootcamp/Spring Java Bootcamp/Java Spring Bootcamp/src/test/java/com/example/demo/service/RbacServiceTest.java:[57,23] cannot find symbol
  symbol:   method getPrivileges()
  location: variable result of type com.example.demo.dto.RoleAccessDTO
[ERROR] /C:/Users/Andrew/Desktop/Bootcamp/Spring Java Bootcamp/Java Spring Bootcamp/src/test/java/com/example/demo/service/RbacServiceTest.java:[58,22] cannot find symbol
  symbol:   method getPrivileges()
  location: variable result of type com.example.demo.dto.RoleAccessDTO
[INFO] 13 errors 
[INFO] -------------------------------------------------------------
[INFO] ------------------------------------------------------------------------
[INFO] BUILD FAILURE
[INFO] ------------------------------------------------------------------------
[INFO] Total time:  7.408 s
[INFO] Finished at: 2026-02-02T09:41:56+07:00
[INFO] ------------------------------------------------------------------------
[ERROR] Failed to execute goal org.apache.maven.plugins:maven-compiler-plugin:3.13.0:testCompile (default-testCompile) on project demo: Compilation failure: Compilation failure: 
[ERROR] /C:/Users/Andrew/Desktop/Bootcamp/Spring Java Bootcamp/Java Spring Bootcamp/src/test/java/com/example/demo/service/AuthServiceTest.java:[74,44] incompatible types: java.lang.String cannot be converted to org.springframework.security.core.userdetails.UserDetails
[ERROR] /C:/Users/Andrew/Desktop/Bootcamp/Spring Java Bootcamp/Java Spring Bootcamp/src/test/java/com/example/demo/service/AuthServiceTest.java:[104,35] incompatible types: java.lang.String cannot be converted to org.springframework.security.core.userdetails.UserDetails
[ERROR] /C:/Users/Andrew/Desktop/Bootcamp/Spring Java Bootcamp/Java Spring Bootcamp/src/test/java/com/example/demo/service/AuthServiceTest.java:[129,29] cannot find symbol
[ERROR]   symbol:   method findByToken(java.lang.String)
[ERROR]   location: variable refreshTokenService of type com.example.demo.service.RefreshTokenService
[ERROR] /C:/Users/Andrew/Desktop/Bootcamp/Spring Java Bootcamp/Java Spring Bootcamp/src/test/java/com/example/demo/service/AuthServiceTest.java:[130,56] cannot find symbol
[ERROR]   symbol:   class RefreshToken
[ERROR]   location: package com.example.demo.entity
[ERROR] /C:/Users/Andrew/Desktop/Bootcamp/Spring Java Bootcamp/Java Spring Bootcamp/src/test/java/com/example/demo/service/AuthServiceTest.java:[131,29] cannot find symbol
[ERROR]   symbol:   method verifyExpiration(java.lang.Object)
[ERROR]   location: variable refreshTokenService of type com.example.demo.service.RefreshTokenService
[ERROR] /C:/Users/Andrew/Desktop/Bootcamp/Spring Java Bootcamp/Java Spring Bootcamp/src/test/java/com/example/demo/service/AuthServiceTest.java:[132,44] cannot find symbol
[ERROR]   symbol:   class RefreshToken
[ERROR]   location: package com.example.demo.entity
[ERROR] /C:/Users/Andrew/Desktop/Bootcamp/Spring Java Bootcamp/Java Spring Bootcamp/src/test/java/com/example/demo/service/AuthServiceTest.java:[133,35] incompatible types: java.lang.String cannot be converted to org.springframework.security.core.userdetails.UserDetails
[ERROR] /C:/Users/Andrew/Desktop/Bootcamp/Spring Java Bootcamp/Java Spring Bootcamp/src/test/java/com/example/demo/service/AuthServiceTest.java:[146,34] method blacklistToken in class com.example.demo.service.TokenBlacklistService cannot be applied to given types;
[ERROR]   required: java.lang.String,long
[ERROR]   found:    java.lang.String
[ERROR]   reason: actual and formal argument lists differ in length
[ERROR] /C:/Users/Andrew/Desktop/Bootcamp/Spring Java Bootcamp/Java Spring Bootcamp/src/test/java/com/example/demo/service/AuthServiceTest.java:[163,30] cannot find symbol
[ERROR]   symbol:   method validatePasswordResetToken(java.lang.String)
[ERROR]   location: variable passwordResetService of type com.example.demo.service.PasswordResetService
[ERROR] /C:/Users/Andrew/Desktop/Bootcamp/Spring Java Bootcamp/Java Spring Bootcamp/src/test/java/com/example/demo/service/AuthServiceTest.java:[170,33] cannot find symbol
[ERROR]   symbol:   method deleteToken(java.lang.String)
[ERROR]   location: class com.example.demo.service.PasswordResetService
[ERROR] /C:/Users/Andrew/Desktop/Bootcamp/Spring Java Bootcamp/Java Spring Bootcamp/src/test/java/com/example/demo/service/RbacServiceTest.java:[56,28] cannot find symbol
[ERROR]   symbol:   method getRoleId()
[ERROR]   location: variable result of type com.example.demo.dto.RoleAccessDTO
[ERROR] /C:/Users/Andrew/Desktop/Bootcamp/Spring Java Bootcamp/Java Spring Bootcamp/src/test/java/com/example/demo/service/RbacServiceTest.java:[57,23] cannot find symbol
[ERROR]   symbol:   method getPrivileges()
[ERROR]   location: variable result of type com.example.demo.dto.RoleAccessDTO
[ERROR] /C:/Users/Andrew/Desktop/Bootcamp/Spring Java Bootcamp/Java Spring Bootcamp/src/test/java/com/example/demo/service/RbacServiceTest.java:[58,22] cannot find symbol
[ERROR]   symbol:   method getPrivileges()
[ERROR]   location: variable result of type com.example.demo.dto.RoleAccessDTO
[ERROR] -> [Help 1]
[ERROR] 
[ERROR] To see the full stack trace of the errors, re-run Maven with the -e switch.
[ERROR] Re-run Maven using the -X switch to enable full debug logging.
[ERROR] 
[ERROR] For more information about the errors and possible solutions, please read the following articles:
[ERROR] [Help 1] http://cwiki.apache.org/confluence/display/MAVEN/MojoFailureException
