[INFO] Scanning for projects...
[INFO] 
[INFO] --------------------------< com.example:demo >--------------------------
[INFO] Building Bootcamp Java Spring 0.0.1-SNAPSHOT
[INFO]   from pom.xml
[INFO] --------------------------------[ jar ]---------------------------------
[INFO] 
[INFO] --- resources:3.3.1:resources (default-resources) @ demo ---
[INFO] Copying 1 resource from src\main\resources to target\classes
[INFO] Copying 1 resource from src\main\resources to target\classes
[INFO] 
[INFO] --- compiler:3.13.0:compile (default-compile) @ demo ---
[INFO] Nothing to compile - all classes are up to date.
[INFO] 
[INFO] --- spotless:2.43.0:check (default) @ demo ---
[INFO] Spotless.Java is keeping 155 files clean - 0 needs changes to be clean, 0 were already clean, 155 were skipped because caching determined they were already clean
[INFO] 
[INFO] --- resources:3.3.1:testResources (default-testResources) @ demo ---
[INFO] Copying 1 resource from src\test\resources to target\test-classes
[INFO] 
[INFO] --- compiler:3.13.0:testCompile (default-testCompile) @ demo ---
[INFO] Recompiling the module because of added or removed source files.
[INFO] Compiling 13 source files with javac [debug parameters release 21] to target\test-classes
[INFO] Some messages have been simplified; recompile with -Xdiags:verbose to get full output
[INFO] -------------------------------------------------------------
[ERROR] COMPILATION ERROR : 
[INFO] -------------------------------------------------------------
[ERROR] /C:/Users/Andrew/Desktop/Bootcamp/Spring Java Bootcamp/Java Spring Bootcamp/src/test/java/com/example/demo/service/AccessControlServiceTest.java:[50,31] cannot find symbol
  symbol:   method id(long)
  location: class com.example.demo.entity.Menu.MenuBuilder
[ERROR] /C:/Users/Andrew/Desktop/Bootcamp/Spring Java Bootcamp/Java Spring Bootcamp/src/test/java/com/example/demo/service/AccessControlServiceTest.java:[53,24] cannot find symbol
  symbol:   method findByMenuName(java.lang.String)
  location: variable menuRepository of type com.example.demo.repository.MenuRepository
[ERROR] /C:/Users/Andrew/Desktop/Bootcamp/Spring Java Bootcamp/Java Spring Bootcamp/src/test/java/com/example/demo/service/AccessControlServiceTest.java:[55,28] cannot find symbol
  symbol:   method existsByRoleIdAndMenuId(long,long)
  location: variable roleMenuRepository of type com.example.demo.repository.RoleMenuRepository
[ERROR] /C:/Users/Andrew/Desktop/Bootcamp/Spring Java Bootcamp/Java Spring Bootcamp/src/test/java/com/example/demo/service/AccessControlServiceTest.java:[77,31] cannot find symbol
  symbol:   method id(long)
  location: class com.example.demo.entity.Menu.MenuBuilder
[ERROR] /C:/Users/Andrew/Desktop/Bootcamp/Spring Java Bootcamp/Java Spring Bootcamp/src/test/java/com/example/demo/service/AccessControlServiceTest.java:[80,24] cannot find symbol
  symbol:   method findByMenuName(java.lang.String)
  location: variable menuRepository of type com.example.demo.repository.MenuRepository
[ERROR] /C:/Users/Andrew/Desktop/Bootcamp/Spring Java Bootcamp/Java Spring Bootcamp/src/test/java/com/example/demo/service/AccessControlServiceTest.java:[81,28] cannot find symbol
  symbol:   method existsByRoleIdAndMenuId(long,long)
  location: variable roleMenuRepository of type com.example.demo.repository.RoleMenuRepository
[ERROR] /C:/Users/Andrew/Desktop/Bootcamp/Spring Java Bootcamp/Java Spring Bootcamp/src/test/java/com/example/demo/service/AuthServiceTest.java:[68,9] constructor RegisterRequest in record com.example.demo.dto.RegisterRequest cannot be applied to given types;
  required: java.lang.String,java.lang.String,java.lang.String
  found:    java.lang.String,java.lang.String,java.lang.String,java.lang.String
  reason: actual and formal argument lists differ in length
[ERROR] /C:/Users/Andrew/Desktop/Bootcamp/Spring Java Bootcamp/Java Spring Bootcamp/src/test/java/com/example/demo/service/AuthServiceTest.java:[70,49] cannot find symbol
  symbol:   method getUsername()
  location: variable request of type com.example.demo.dto.RegisterRequest
[ERROR] /C:/Users/Andrew/Desktop/Bootcamp/Spring Java Bootcamp/Java Spring Bootcamp/src/test/java/com/example/demo/service/AuthServiceTest.java:[71,46] cannot find symbol
  symbol:   method getEmail()
  location: variable request of type com.example.demo.dto.RegisterRequest
[ERROR] /C:/Users/Andrew/Desktop/Bootcamp/Spring Java Bootcamp/Java Spring Bootcamp/src/test/java/com/example/demo/service/AuthServiceTest.java:[73,40] cannot find symbol
  symbol:   method getPassword()
  location: variable request of type com.example.demo.dto.RegisterRequest
[ERROR] /C:/Users/Andrew/Desktop/Bootcamp/Spring Java Bootcamp/Java Spring Bootcamp/src/test/java/com/example/demo/service/AuthServiceTest.java:[75,44] incompatible types: java.lang.String cannot be converted to org.springframework.security.core.userdetails.UserDetails
[ERROR] /C:/Users/Andrew/Desktop/Bootcamp/Spring Java Bootcamp/Java Spring Bootcamp/src/test/java/com/example/demo/service/AuthServiceTest.java:[85,38] cannot find symbol
  symbol:   method getAccessToken()
  location: variable response of type com.example.demo.dto.AuthResponse
[ERROR] /C:/Users/Andrew/Desktop/Bootcamp/Spring Java Bootcamp/Java Spring Bootcamp/src/test/java/com/example/demo/service/AuthServiceTest.java:[91,9] constructor RegisterRequest in record com.example.demo.dto.RegisterRequest cannot be applied to given types;
  required: java.lang.String,java.lang.String,java.lang.String
  found:    java.lang.String,java.lang.String,java.lang.String,java.lang.String
  reason: actual and formal argument lists differ in length
[ERROR] /C:/Users/Andrew/Desktop/Bootcamp/Spring Java Bootcamp/Java Spring Bootcamp/src/test/java/com/example/demo/service/AuthServiceTest.java:[100,27] constructor AuthRequest in record com.example.demo.dto.AuthRequest cannot be applied to given types;
  required: java.lang.String,java.lang.String,java.lang.String,java.lang.String,java.lang.String
  found:    java.lang.String,java.lang.String
  reason: actual and formal argument lists differ in length
[ERROR] /C:/Users/Andrew/Desktop/Bootcamp/Spring Java Bootcamp/Java Spring Bootcamp/src/test/java/com/example/demo/service/AuthServiceTest.java:[106,35] incompatible types: java.lang.String cannot be converted to org.springframework.security.core.userdetails.UserDetails
[ERROR] /C:/Users/Andrew/Desktop/Bootcamp/Spring Java Bootcamp/Java Spring Bootcamp/src/test/java/com/example/demo/service/AuthServiceTest.java:[110,41] cannot find symbol
  symbol:   method getAccessToken()
  location: variable response of type com.example.demo.dto.AuthResponse
[ERROR] /C:/Users/Andrew/Desktop/Bootcamp/Spring Java Bootcamp/Java Spring Bootcamp/src/test/java/com/example/demo/service/AuthServiceTest.java:[111,38] cannot find symbol
  symbol:   method getUsername()
  location: variable response of type com.example.demo.dto.AuthResponse
[ERROR] /C:/Users/Andrew/Desktop/Bootcamp/Spring Java Bootcamp/Java Spring Bootcamp/src/test/java/com/example/demo/service/AuthServiceTest.java:[116,27] constructor AuthRequest in record com.example.demo.dto.AuthRequest cannot be applied to given types;
  required: java.lang.String,java.lang.String,java.lang.String,java.lang.String,java.lang.String
  found:    java.lang.String,java.lang.String
  reason: actual and formal argument lists differ in length
[ERROR] /C:/Users/Andrew/Desktop/Bootcamp/Spring Java Bootcamp/Java Spring Bootcamp/src/test/java/com/example/demo/service/AuthServiceTest.java:[131,29] cannot find symbol
  symbol:   method findByToken(java.lang.String)
  location: variable refreshTokenService of type com.example.demo.service.RefreshTokenService
[ERROR] /C:/Users/Andrew/Desktop/Bootcamp/Spring Java Bootcamp/Java Spring Bootcamp/src/test/java/com/example/demo/service/AuthServiceTest.java:[132,56] cannot find symbol
  symbol:   class RefreshToken
  location: package com.example.demo.entity
[ERROR] /C:/Users/Andrew/Desktop/Bootcamp/Spring Java Bootcamp/Java Spring Bootcamp/src/test/java/com/example/demo/service/AuthServiceTest.java:[133,29] cannot find symbol
  symbol:   method verifyExpiration(java.lang.Object)
  location: variable refreshTokenService of type com.example.demo.service.RefreshTokenService
[ERROR] /C:/Users/Andrew/Desktop/Bootcamp/Spring Java Bootcamp/Java Spring Bootcamp/src/test/java/com/example/demo/service/AuthServiceTest.java:[134,44] cannot find symbol
  symbol:   class RefreshToken
  location: package com.example.demo.entity
[ERROR] /C:/Users/Andrew/Desktop/Bootcamp/Spring Java Bootcamp/Java Spring Bootcamp/src/test/java/com/example/demo/service/AuthServiceTest.java:[135,35] incompatible types: java.lang.String cannot be converted to org.springframework.security.core.userdetails.UserDetails
[ERROR] /C:/Users/Andrew/Desktop/Bootcamp/Spring Java Bootcamp/Java Spring Bootcamp/src/test/java/com/example/demo/service/AuthServiceTest.java:[139,44] cannot find symbol
  symbol:   method getAccessToken()
  location: variable response of type com.example.demo.dto.AuthResponse
[ERROR] /C:/Users/Andrew/Desktop/Bootcamp/Spring Java Bootcamp/Java Spring Bootcamp/src/test/java/com/example/demo/service/AuthServiceTest.java:[148,34] method blacklistToken in class com.example.demo.service.TokenBlacklistService cannot be applied to given types;
  required: java.lang.String,long
  found:    java.lang.String
  reason: actual and formal argument lists differ in length
[ERROR] /C:/Users/Andrew/Desktop/Bootcamp/Spring Java Bootcamp/Java Spring Bootcamp/src/test/java/com/example/demo/service/AuthServiceTest.java:[165,30] cannot find symbol
  symbol:   method validatePasswordResetToken(java.lang.String)
  location: variable passwordResetService of type com.example.demo.service.PasswordResetService
[ERROR] /C:/Users/Andrew/Desktop/Bootcamp/Spring Java Bootcamp/Java Spring Bootcamp/src/test/java/com/example/demo/service/AuthServiceTest.java:[172,33] cannot find symbol
  symbol:   method deleteToken(java.lang.String)
  location: class com.example.demo.service.PasswordResetService
[ERROR] /C:/Users/Andrew/Desktop/Bootcamp/Spring Java Bootcamp/Java Spring Bootcamp/src/test/java/com/example/demo/service/LoanApplicationServiceTest.java:[52,38] cannot find symbol
  symbol:   variable DRAFT
  location: class com.example.demo.enums.LoanStatus
[ERROR] /C:/Users/Andrew/Desktop/Bootcamp/Spring Java Bootcamp/Java Spring Bootcamp/src/test/java/com/example/demo/service/RbacServiceTest.java:[44,26] cannot find symbol
  symbol:   method id(long)
  location: class com.example.demo.entity.Menu.MenuBuilder
[ERROR] /C:/Users/Andrew/Desktop/Bootcamp/Spring Java Bootcamp/Java Spring Bootcamp/src/test/java/com/example/demo/service/RbacServiceTest.java:[57,28] cannot find symbol
  symbol:   method getRoleId()
  location: variable result of type com.example.demo.dto.RoleAccessDTO
[ERROR] /C:/Users/Andrew/Desktop/Bootcamp/Spring Java Bootcamp/Java Spring Bootcamp/src/test/java/com/example/demo/service/RbacServiceTest.java:[58,23] cannot find symbol
  symbol:   method getPrivileges()
  location: variable result of type com.example.demo.dto.RoleAccessDTO
[ERROR] /C:/Users/Andrew/Desktop/Bootcamp/Spring Java Bootcamp/Java Spring Bootcamp/src/test/java/com/example/demo/service/RbacServiceTest.java:[59,22] cannot find symbol
  symbol:   method getPrivileges()
  location: variable result of type com.example.demo.dto.RoleAccessDTO
[ERROR] /C:/Users/Andrew/Desktop/Bootcamp/Spring Java Bootcamp/Java Spring Bootcamp/src/test/java/com/example/demo/service/RbacServiceTest.java:[64,41] constructor BulkRoleMenuUpdateRequest in record com.example.demo.dto.BulkRoleMenuUpdateRequest cannot be applied to given types;
  required: java.lang.Long,java.util.List<java.lang.Long>
  found:    no arguments
  reason: actual and formal argument lists differ in length
[ERROR] /C:/Users/Andrew/Desktop/Bootcamp/Spring Java Bootcamp/Java Spring Bootcamp/src/test/java/com/example/demo/service/RbacServiceTest.java:[65,12] cannot find symbol
  symbol:   method setMenuIds(java.util.HashSet<java.lang.Long>)
  location: variable request of type com.example.demo.dto.BulkRoleMenuUpdateRequest
[ERROR] /C:/Users/Andrew/Desktop/Bootcamp/Spring Java Bootcamp/Java Spring Bootcamp/src/test/java/com/example/demo/service/RbacServiceTest.java:[68,44] cannot find symbol
  symbol:   method getMenuIds()
  location: variable request of type com.example.demo.dto.BulkRoleMenuUpdateRequest
[INFO] 35 errors 
[INFO] -------------------------------------------------------------
[INFO] ------------------------------------------------------------------------
[INFO] BUILD FAILURE
[INFO] ------------------------------------------------------------------------
[INFO] Total time:  7.183 s
[INFO] Finished at: 2026-02-02T09:38:49+07:00
[INFO] ------------------------------------------------------------------------
[ERROR] Failed to execute goal org.apache.maven.plugins:maven-compiler-plugin:3.13.0:testCompile (default-testCompile) on project demo: Compilation failure: Compilation failure: 
[ERROR] /C:/Users/Andrew/Desktop/Bootcamp/Spring Java Bootcamp/Java Spring Bootcamp/src/test/java/com/example/demo/service/AccessControlServiceTest.java:[50,31] cannot find symbol
[ERROR]   symbol:   method id(long)
[ERROR]   location: class com.example.demo.entity.Menu.MenuBuilder
[ERROR] /C:/Users/Andrew/Desktop/Bootcamp/Spring Java Bootcamp/Java Spring Bootcamp/src/test/java/com/example/demo/service/AccessControlServiceTest.java:[53,24] cannot find symbol
[ERROR]   symbol:   method findByMenuName(java.lang.String)
[ERROR]   location: variable menuRepository of type com.example.demo.repository.MenuRepository
[ERROR] /C:/Users/Andrew/Desktop/Bootcamp/Spring Java Bootcamp/Java Spring Bootcamp/src/test/java/com/example/demo/service/AccessControlServiceTest.java:[55,28] cannot find symbol
[ERROR]   symbol:   method existsByRoleIdAndMenuId(long,long)
[ERROR]   location: variable roleMenuRepository of type com.example.demo.repository.RoleMenuRepository
[ERROR] /C:/Users/Andrew/Desktop/Bootcamp/Spring Java Bootcamp/Java Spring Bootcamp/src/test/java/com/example/demo/service/AccessControlServiceTest.java:[77,31] cannot find symbol
[ERROR]   symbol:   method id(long)
[ERROR]   location: class com.example.demo.entity.Menu.MenuBuilder
[ERROR] /C:/Users/Andrew/Desktop/Bootcamp/Spring Java Bootcamp/Java Spring Bootcamp/src/test/java/com/example/demo/service/AccessControlServiceTest.java:[80,24] cannot find symbol
[ERROR]   symbol:   method findByMenuName(java.lang.String)
[ERROR]   location: variable menuRepository of type com.example.demo.repository.MenuRepository
[ERROR] /C:/Users/Andrew/Desktop/Bootcamp/Spring Java Bootcamp/Java Spring Bootcamp/src/test/java/com/example/demo/service/AccessControlServiceTest.java:[81,28] cannot find symbol
[ERROR]   symbol:   method existsByRoleIdAndMenuId(long,long)
[ERROR]   location: variable roleMenuRepository of type com.example.demo.repository.RoleMenuRepository
[ERROR] /C:/Users/Andrew/Desktop/Bootcamp/Spring Java Bootcamp/Java Spring Bootcamp/src/test/java/com/example/demo/service/AuthServiceTest.java:[68,9] constructor RegisterRequest in record com.example.demo.dto.RegisterRequest cannot be applied to given types;
[ERROR]   required: java.lang.String,java.lang.String,java.lang.String
[ERROR]   found:    java.lang.String,java.lang.String,java.lang.String,java.lang.String
[ERROR]   reason: actual and formal argument lists differ in length
[ERROR] /C:/Users/Andrew/Desktop/Bootcamp/Spring Java Bootcamp/Java Spring Bootcamp/src/test/java/com/example/demo/service/AuthServiceTest.java:[70,49] cannot find symbol
[ERROR]   symbol:   method getUsername()
[ERROR]   location: variable request of type com.example.demo.dto.RegisterRequest
[ERROR] /C:/Users/Andrew/Desktop/Bootcamp/Spring Java Bootcamp/Java Spring Bootcamp/src/test/java/com/example/demo/service/AuthServiceTest.java:[71,46] cannot find symbol
[ERROR]   symbol:   method getEmail()
[ERROR]   location: variable request of type com.example.demo.dto.RegisterRequest
[ERROR] /C:/Users/Andrew/Desktop/Bootcamp/Spring Java Bootcamp/Java Spring Bootcamp/src/test/java/com/example/demo/service/AuthServiceTest.java:[73,40] cannot find symbol
[ERROR]   symbol:   method getPassword()
[ERROR]   location: variable request of type com.example.demo.dto.RegisterRequest
[ERROR] /C:/Users/Andrew/Desktop/Bootcamp/Spring Java Bootcamp/Java Spring Bootcamp/src/test/java/com/example/demo/service/AuthServiceTest.java:[75,44] incompatible types: java.lang.String cannot be converted to org.springframework.security.core.userdetails.UserDetails
[ERROR] /C:/Users/Andrew/Desktop/Bootcamp/Spring Java Bootcamp/Java Spring Bootcamp/src/test/java/com/example/demo/service/AuthServiceTest.java:[85,38] cannot find symbol
[ERROR]   symbol:   method getAccessToken()
[ERROR]   location: variable response of type com.example.demo.dto.AuthResponse
[ERROR] /C:/Users/Andrew/Desktop/Bootcamp/Spring Java Bootcamp/Java Spring Bootcamp/src/test/java/com/example/demo/service/AuthServiceTest.java:[91,9] constructor RegisterRequest in record com.example.demo.dto.RegisterRequest cannot be applied to given types;
[ERROR]   required: java.lang.String,java.lang.String,java.lang.String
[ERROR]   found:    java.lang.String,java.lang.String,java.lang.String,java.lang.String
[ERROR]   reason: actual and formal argument lists differ in length
[ERROR] /C:/Users/Andrew/Desktop/Bootcamp/Spring Java Bootcamp/Java Spring Bootcamp/src/test/java/com/example/demo/service/AuthServiceTest.java:[100,27] constructor AuthRequest in record com.example.demo.dto.AuthRequest cannot be applied to given types;
[ERROR]   required: java.lang.String,java.lang.String,java.lang.String,java.lang.String,java.lang.String
[ERROR]   found:    java.lang.String,java.lang.String
[ERROR]   reason: actual and formal argument lists differ in length
[ERROR] /C:/Users/Andrew/Desktop/Bootcamp/Spring Java Bootcamp/Java Spring Bootcamp/src/test/java/com/example/demo/service/AuthServiceTest.java:[106,35] incompatible types: java.lang.String cannot be converted to org.springframework.security.core.userdetails.UserDetails
[ERROR] /C:/Users/Andrew/Desktop/Bootcamp/Spring Java Bootcamp/Java Spring Bootcamp/src/test/java/com/example/demo/service/AuthServiceTest.java:[110,41] cannot find symbol
[ERROR]   symbol:   method getAccessToken()
[ERROR]   location: variable response of type com.example.demo.dto.AuthResponse
[ERROR] /C:/Users/Andrew/Desktop/Bootcamp/Spring Java Bootcamp/Java Spring Bootcamp/src/test/java/com/example/demo/service/AuthServiceTest.java:[111,38] cannot find symbol
[ERROR]   symbol:   method getUsername()
[ERROR]   location: variable response of type com.example.demo.dto.AuthResponse
[ERROR] /C:/Users/Andrew/Desktop/Bootcamp/Spring Java Bootcamp/Java Spring Bootcamp/src/test/java/com/example/demo/service/AuthServiceTest.java:[116,27] constructor AuthRequest in record com.example.demo.dto.AuthRequest cannot be applied to given types;
[ERROR]   required: java.lang.String,java.lang.String,java.lang.String,java.lang.String,java.lang.String
[ERROR]   found:    java.lang.String,java.lang.String
[ERROR]   reason: actual and formal argument lists differ in length
[ERROR] /C:/Users/Andrew/Desktop/Bootcamp/Spring Java Bootcamp/Java Spring Bootcamp/src/test/java/com/example/demo/service/AuthServiceTest.java:[131,29] cannot find symbol
[ERROR]   symbol:   method findByToken(java.lang.String)
[ERROR]   location: variable refreshTokenService of type com.example.demo.service.RefreshTokenService
[ERROR] /C:/Users/Andrew/Desktop/Bootcamp/Spring Java Bootcamp/Java Spring Bootcamp/src/test/java/com/example/demo/service/AuthServiceTest.java:[132,56] cannot find symbol
[ERROR]   symbol:   class RefreshToken
[ERROR]   location: package com.example.demo.entity
[ERROR] /C:/Users/Andrew/Desktop/Bootcamp/Spring Java Bootcamp/Java Spring Bootcamp/src/test/java/com/example/demo/service/AuthServiceTest.java:[133,29] cannot find symbol
[ERROR]   symbol:   method verifyExpiration(java.lang.Object)
[ERROR]   location: variable refreshTokenService of type com.example.demo.service.RefreshTokenService
[ERROR] /C:/Users/Andrew/Desktop/Bootcamp/Spring Java Bootcamp/Java Spring Bootcamp/src/test/java/com/example/demo/service/AuthServiceTest.java:[134,44] cannot find symbol
[ERROR]   symbol:   class RefreshToken
[ERROR]   location: package com.example.demo.entity
[ERROR] /C:/Users/Andrew/Desktop/Bootcamp/Spring Java Bootcamp/Java Spring Bootcamp/src/test/java/com/example/demo/service/AuthServiceTest.java:[135,35] incompatible types: java.lang.String cannot be converted to org.springframework.security.core.userdetails.UserDetails
[ERROR] /C:/Users/Andrew/Desktop/Bootcamp/Spring Java Bootcamp/Java Spring Bootcamp/src/test/java/com/example/demo/service/AuthServiceTest.java:[139,44] cannot find symbol
[ERROR]   symbol:   method getAccessToken()
[ERROR]   location: variable response of type com.example.demo.dto.AuthResponse
[ERROR] /C:/Users/Andrew/Desktop/Bootcamp/Spring Java Bootcamp/Java Spring Bootcamp/src/test/java/com/example/demo/service/AuthServiceTest.java:[148,34] method blacklistToken in class com.example.demo.service.TokenBlacklistService cannot be applied to given types;
[ERROR]   required: java.lang.String,long
[ERROR]   found:    java.lang.String
[ERROR]   reason: actual and formal argument lists differ in length
[ERROR] /C:/Users/Andrew/Desktop/Bootcamp/Spring Java Bootcamp/Java Spring Bootcamp/src/test/java/com/example/demo/service/AuthServiceTest.java:[165,30] cannot find symbol
[ERROR]   symbol:   method validatePasswordResetToken(java.lang.String)
[ERROR]   location: variable passwordResetService of type com.example.demo.service.PasswordResetService
[ERROR] /C:/Users/Andrew/Desktop/Bootcamp/Spring Java Bootcamp/Java Spring Bootcamp/src/test/java/com/example/demo/service/AuthServiceTest.java:[172,33] cannot find symbol
[ERROR]   symbol:   method deleteToken(java.lang.String)
[ERROR]   location: class com.example.demo.service.PasswordResetService
[ERROR] /C:/Users/Andrew/Desktop/Bootcamp/Spring Java Bootcamp/Java Spring Bootcamp/src/test/java/com/example/demo/service/LoanApplicationServiceTest.java:[52,38] cannot find symbol
[ERROR]   symbol:   variable DRAFT
[ERROR]   location: class com.example.demo.enums.LoanStatus
[ERROR] /C:/Users/Andrew/Desktop/Bootcamp/Spring Java Bootcamp/Java Spring Bootcamp/src/test/java/com/example/demo/service/RbacServiceTest.java:[44,26] cannot find symbol
[ERROR]   symbol:   method id(long)
[ERROR]   location: class com.example.demo.entity.Menu.MenuBuilder
[ERROR] /C:/Users/Andrew/Desktop/Bootcamp/Spring Java Bootcamp/Java Spring Bootcamp/src/test/java/com/example/demo/service/RbacServiceTest.java:[57,28] cannot find symbol
[ERROR]   symbol:   method getRoleId()
[ERROR]   location: variable result of type com.example.demo.dto.RoleAccessDTO
[ERROR] /C:/Users/Andrew/Desktop/Bootcamp/Spring Java Bootcamp/Java Spring Bootcamp/src/test/java/com/example/demo/service/RbacServiceTest.java:[58,23] cannot find symbol
[ERROR]   symbol:   method getPrivileges()
[ERROR]   location: variable result of type com.example.demo.dto.RoleAccessDTO
[ERROR] /C:/Users/Andrew/Desktop/Bootcamp/Spring Java Bootcamp/Java Spring Bootcamp/src/test/java/com/example/demo/service/RbacServiceTest.java:[59,22] cannot find symbol
[ERROR]   symbol:   method getPrivileges()
[ERROR]   location: variable result of type com.example.demo.dto.RoleAccessDTO
[ERROR] /C:/Users/Andrew/Desktop/Bootcamp/Spring Java Bootcamp/Java Spring Bootcamp/src/test/java/com/example/demo/service/RbacServiceTest.java:[64,41] constructor BulkRoleMenuUpdateRequest in record com.example.demo.dto.BulkRoleMenuUpdateRequest cannot be applied to given types;
[ERROR]   required: java.lang.Long,java.util.List<java.lang.Long>
[ERROR]   found:    no arguments
[ERROR]   reason: actual and formal argument lists differ in length
[ERROR] /C:/Users/Andrew/Desktop/Bootcamp/Spring Java Bootcamp/Java Spring Bootcamp/src/test/java/com/example/demo/service/RbacServiceTest.java:[65,12] cannot find symbol
[ERROR]   symbol:   method setMenuIds(java.util.HashSet<java.lang.Long>)
[ERROR]   location: variable request of type com.example.demo.dto.BulkRoleMenuUpdateRequest
[ERROR] /C:/Users/Andrew/Desktop/Bootcamp/Spring Java Bootcamp/Java Spring Bootcamp/src/test/java/com/example/demo/service/RbacServiceTest.java:[68,44] cannot find symbol
[ERROR]   symbol:   method getMenuIds()
[ERROR]   location: variable request of type com.example.demo.dto.BulkRoleMenuUpdateRequest
[ERROR] -> [Help 1]
[ERROR] 
[ERROR] To see the full stack trace of the errors, re-run Maven with the -e switch.
[ERROR] Re-run Maven using the -X switch to enable full debug logging.
[ERROR] 
[ERROR] For more information about the errors and possible solutions, please read the following articles:
[ERROR] [Help 1] http://cwiki.apache.org/confluence/display/MAVEN/MojoFailureException
